2019-04-20 14:37:34,087 INFO o.a.j.u.JMeterUtils: Setting Locale to en_EN
2019-04-20 14:37:34,163 INFO o.a.j.JMeter: Loading user properties from: user.properties
2019-04-20 14:37:34,163 INFO o.a.j.JMeter: Loading system properties from: system.properties
2019-04-20 14:37:34,167 INFO o.a.j.JMeter: Loading additional properties from: C:\Users\jmcch\Documents\csc4006Gitlab\csc4006-EdgeBenchmarking\Experiments\DeFog\jmeter\bin\2019-04-20_14-36-42.986778\jmeter-bzt.properties
2019-04-20 14:37:34,183 INFO o.a.j.JMeter: Copyright (c) 1998-2018 The Apache Software Foundation
2019-04-20 14:37:34,183 INFO o.a.j.JMeter: Version 5.0 r1840935
2019-04-20 14:37:34,183 INFO o.a.j.JMeter: java.version=10.0.2
2019-04-20 14:37:34,183 INFO o.a.j.JMeter: java.vm.name=Java HotSpot(TM) 64-Bit Server VM
2019-04-20 14:37:34,183 INFO o.a.j.JMeter: os.name=Windows 10
2019-04-20 14:37:34,183 INFO o.a.j.JMeter: os.arch=amd64
2019-04-20 14:37:34,183 INFO o.a.j.JMeter: os.version=10.0
2019-04-20 14:37:34,183 INFO o.a.j.JMeter: file.encoding=Cp1252
2019-04-20 14:37:34,183 INFO o.a.j.JMeter: Max memory     =1073741824
2019-04-20 14:37:34,183 INFO o.a.j.JMeter: Available Processors =4
2019-04-20 14:37:34,199 INFO o.a.j.JMeter: Default Locale=English (EN)
2019-04-20 14:37:34,203 INFO o.a.j.JMeter: JMeter  Locale=English (EN)
2019-04-20 14:37:34,203 INFO o.a.j.JMeter: JMeterHome=C:\Users\jmcch\Documents\csc4006Gitlab\csc4006-EdgeBenchmarking\Experiments\DeFog\jmeter
2019-04-20 14:37:34,203 INFO o.a.j.JMeter: user.dir  =C:\Users\jmcch\Documents\csc4006Gitlab\csc4006-EdgeBenchmarking\Experiments\DeFog\jmeter\bin
2019-04-20 14:37:34,203 INFO o.a.j.JMeter: PWD       =C:\Users\jmcch\Documents\csc4006Gitlab\csc4006-EdgeBenchmarking\Experiments\DeFog\jmeter\bin
2019-04-20 14:37:43,231 INFO o.a.j.JMeter: IP: 192.168.56.1 Name: DESKTOP-JQOCQB2 FullName: DESKTOP-JQOCQB2
2019-04-20 14:37:43,231 INFO o.a.j.JMeter: user.classpath=C:/Users/jmcch/Documents/csc4006Gitlab/csc4006-EdgeBenchmarking/Experiments/DeFog/jmeter/bin/2019-04-20_14-36-42.986778;C:/Users/jmcch/Documents/csc4006Gitlab/csc4006-EdgeBenchmarking/Experiments/DeFog/assets/ipokemon-assets
2019-04-20 14:37:43,231 INFO o.a.j.JMeter: Adding to classpath and loader: C:/Users/jmcch/Documents/csc4006Gitlab/csc4006-EdgeBenchmarking/Experiments/DeFog/jmeter/bin/2019-04-20_14-36-42.986778
2019-04-20 14:37:43,231 INFO o.a.j.JMeter: Adding to classpath and loader: C:/Users/jmcch/Documents/csc4006Gitlab/csc4006-EdgeBenchmarking/Experiments/DeFog/assets/ipokemon-assets
2019-04-20 14:37:43,239 INFO o.a.j.s.FileServer: Default base='C:\Users\jmcch\Documents\csc4006Gitlab\csc4006-EdgeBenchmarking\Experiments\DeFog\jmeter\bin'
2019-04-20 14:37:43,303 INFO o.a.j.s.FileServer: Set new base='C:\Users\jmcch\Documents\csc4006Gitlab\csc4006-EdgeBenchmarking\Experiments\DeFog\assets\ipokemon-assets'
2019-04-20 14:37:43,563 INFO o.a.j.s.SaveService: Testplan (JMX) version: 2.2. Testlog (JTL) version: 2.2
2019-04-20 14:37:43,595 INFO o.a.j.s.SaveService: Using SaveService properties version 5.0
2019-04-20 14:37:43,603 INFO o.a.j.s.SaveService: Using SaveService properties file encoding UTF-8
2019-04-20 14:37:43,607 INFO o.a.j.s.SaveService: Loading file: C:\Users\jmcch\Documents\csc4006Gitlab\csc4006-EdgeBenchmarking\Experiments\DeFog\assets\ipokemon-assets\modified_iPokemon.jmx
2019-04-20 14:37:43,738 INFO o.a.j.p.h.s.HTTPSamplerBase: Parser for text/html is org.apache.jmeter.protocol.http.parser.LagartoBasedHtmlParser
2019-04-20 14:37:43,738 INFO o.a.j.p.h.s.HTTPSamplerBase: Parser for application/xhtml+xml is org.apache.jmeter.protocol.http.parser.LagartoBasedHtmlParser
2019-04-20 14:37:43,738 INFO o.a.j.p.h.s.HTTPSamplerBase: Parser for application/xml is org.apache.jmeter.protocol.http.parser.LagartoBasedHtmlParser
2019-04-20 14:37:43,738 INFO o.a.j.p.h.s.HTTPSamplerBase: Parser for text/xml is org.apache.jmeter.protocol.http.parser.LagartoBasedHtmlParser
2019-04-20 14:37:43,738 INFO o.a.j.p.h.s.HTTPSamplerBase: Parser for text/vnd.wap.wml is org.apache.jmeter.protocol.http.parser.RegexpHTMLParser
2019-04-20 14:37:43,738 INFO o.a.j.p.h.s.HTTPSamplerBase: Parser for text/css is org.apache.jmeter.protocol.http.parser.CssParser
2019-04-20 14:37:43,910 INFO o.a.j.e.StandardJMeterEngine: Running the test!
2019-04-20 14:37:43,922 INFO o.a.j.s.SampleEvent: List of sample_variables: []
2019-04-20 14:37:43,922 INFO o.a.j.s.SampleEvent: List of sample_variables: []
2019-04-20 14:37:43,950 INFO o.a.j.e.u.CompoundVariable: Note: Function class names must contain the string: '.functions.'
2019-04-20 14:37:43,950 INFO o.a.j.e.u.CompoundVariable: Note: Function class names must not contain the string: '.gui.'
2019-04-20 14:37:44,961 INFO o.a.j.JMeter: Running test (1555767464961)
2019-04-20 14:37:45,009 INFO o.a.j.e.StandardJMeterEngine: Starting ThreadGroup: 1 : ipokemon
2019-04-20 14:37:45,009 INFO o.a.j.e.StandardJMeterEngine: Starting 5 threads for group ipokemon.
2019-04-20 14:37:45,009 INFO o.a.j.e.StandardJMeterEngine: Thread will continue on error
2019-04-20 14:37:45,013 INFO o.a.j.t.ThreadGroup: Starting thread group... number=1 threads=5 ramp-up=0 perThread=0.0 delayedStart=false
2019-04-20 14:37:45,045 INFO o.a.j.t.ThreadGroup: Started thread group number 1
2019-04-20 14:37:45,045 INFO o.a.j.e.StandardJMeterEngine: All thread groups have been started
2019-04-20 14:37:45,057 INFO o.a.j.t.JMeterThread: Thread started: ipokemon 1-4
2019-04-20 14:37:45,065 INFO o.a.j.t.JMeterThread: Thread started: ipokemon 1-3
2019-04-20 14:37:45,057 INFO o.a.j.t.JMeterThread: Thread started: ipokemon 1-5
2019-04-20 14:37:45,073 INFO o.a.j.t.JMeterThread: Thread started: ipokemon 1-2
2019-04-20 14:37:45,081 INFO o.a.j.t.JMeterThread: Thread started: ipokemon 1-1
2019-04-20 14:37:45,110 INFO o.a.j.p.h.s.HTTPHCAbstractImpl: Local host = DESKTOP-JQOCQB2
2019-04-20 14:37:45,123 INFO o.a.j.p.h.s.HTTPHC4Impl: HTTP request retry count = 0
2019-04-20 14:37:45,126 INFO o.a.j.s.SampleResult: Note: Sample TimeStamps are START times
2019-04-20 14:37:45,126 INFO o.a.j.s.SampleResult: sampleresult.default.encoding is set to UTF-8
2019-04-20 14:37:45,126 INFO o.a.j.s.SampleResult: sampleresult.useNanoTime=true
2019-04-20 14:37:45,127 INFO o.a.j.s.SampleResult: sampleresult.nanoThreadSleep=5000
2019-04-20 14:38:45,013 INFO o.a.j.t.JMeterThread: Stopping because end time detected by thread: ipokemon 1-4
2019-04-20 14:38:45,013 INFO o.a.j.t.JMeterThread: Stopping because end time detected by thread: ipokemon 1-2
2019-04-20 14:38:45,013 INFO o.a.j.t.JMeterThread: Stopping because end time detected by thread: ipokemon 1-1
2019-04-20 14:38:45,013 INFO o.a.j.t.JMeterThread: Thread finished: ipokemon 1-4
2019-04-20 14:38:45,013 INFO o.a.j.t.JMeterThread: Thread finished: ipokemon 1-1
2019-04-20 14:38:45,013 INFO o.a.j.t.JMeterThread: Thread finished: ipokemon 1-2
2019-04-20 14:38:45,014 INFO o.a.j.t.JMeterThread: Stopping because end time detected by thread: ipokemon 1-5
2019-04-20 14:38:45,014 INFO o.a.j.t.JMeterThread: Thread finished: ipokemon 1-5
2019-04-20 14:38:45,046 INFO o.a.j.t.JMeterThread: Stopping because end time detected by thread: ipokemon 1-3
2019-04-20 14:38:45,046 INFO o.a.j.t.JMeterThread: Thread finished: ipokemon 1-3
2019-04-20 14:38:45,046 INFO o.a.j.e.StandardJMeterEngine: Notifying test listeners of end of test
2019-04-20 14:38:45,050 INFO o.a.j.e.StandardJMeterEngine: Forced JVM shutdown requested at end of test
