Determining if the pthread_create exist failed with the following output:
Change Dir: /home/ubuntu/FogLAMP/cmake_build/CMakeFiles/CMakeTmp

Run Build Command:"/usr/bin/make" "cmTC_f59ff/fast"
make[1]: Entering directory '/home/ubuntu/FogLAMP/cmake_build/CMakeFiles/CMakeTmp'
/usr/bin/make -f CMakeFiles/cmTC_f59ff.dir/build.make CMakeFiles/cmTC_f59ff.dir/build
make[2]: Entering directory '/home/ubuntu/FogLAMP/cmake_build/CMakeFiles/CMakeTmp'
Building C object CMakeFiles/cmTC_f59ff.dir/CheckSymbolExists.c.o
/usr/bin/cc    -o CMakeFiles/cmTC_f59ff.dir/CheckSymbolExists.c.o   -c /home/ubuntu/FogLAMP/cmake_build/CMakeFiles/CMakeTmp/CheckSymbolExists.c
Linking C executable cmTC_f59ff
/usr/bin/cmake -E cmake_link_script CMakeFiles/cmTC_f59ff.dir/link.txt --verbose=1
/usr/bin/cc      -rdynamic CMakeFiles/cmTC_f59ff.dir/CheckSymbolExists.c.o  -o cmTC_f59ff 
CMakeFiles/cmTC_f59ff.dir/CheckSymbolExists.c.o: In function `main':
CheckSymbolExists.c:(.text+0x1b): undefined reference to `pthread_create'
collect2: error: ld returned 1 exit status
CMakeFiles/cmTC_f59ff.dir/build.make:97: recipe for target 'cmTC_f59ff' failed
make[2]: *** [cmTC_f59ff] Error 1
make[2]: Leaving directory '/home/ubuntu/FogLAMP/cmake_build/CMakeFiles/CMakeTmp'
Makefile:126: recipe for target 'cmTC_f59ff/fast' failed
make[1]: *** [cmTC_f59ff/fast] Error 2
make[1]: Leaving directory '/home/ubuntu/FogLAMP/cmake_build/CMakeFiles/CMakeTmp'

File /home/ubuntu/FogLAMP/cmake_build/CMakeFiles/CMakeTmp/CheckSymbolExists.c:
/* */
#include <pthread.h>

int main(int argc, char** argv)
{
  (void)argv;
#ifndef pthread_create
  return ((int*)(&pthread_create))[argc];
#else
  (void)argc;
  return 0;
#endif
}

Determining if the function pthread_create exists in the pthreads failed with the following output:
Change Dir: /home/ubuntu/FogLAMP/cmake_build/CMakeFiles/CMakeTmp

Run Build Command:"/usr/bin/make" "cmTC_c6402/fast"
make[1]: Entering directory '/home/ubuntu/FogLAMP/cmake_build/CMakeFiles/CMakeTmp'
/usr/bin/make -f CMakeFiles/cmTC_c6402.dir/build.make CMakeFiles/cmTC_c6402.dir/build
make[2]: Entering directory '/home/ubuntu/FogLAMP/cmake_build/CMakeFiles/CMakeTmp'
Building C object CMakeFiles/cmTC_c6402.dir/CheckFunctionExists.c.o
/usr/bin/cc   -DCHECK_FUNCTION_EXISTS=pthread_create   -o CMakeFiles/cmTC_c6402.dir/CheckFunctionExists.c.o   -c /usr/share/cmake-3.10/Modules/CheckFunctionExists.c
Linking C executable cmTC_c6402
/usr/bin/cmake -E cmake_link_script CMakeFiles/cmTC_c6402.dir/link.txt --verbose=1
/usr/bin/cc  -DCHECK_FUNCTION_EXISTS=pthread_create    -rdynamic CMakeFiles/cmTC_c6402.dir/CheckFunctionExists.c.o  -o cmTC_c6402 -lpthreads 
/usr/bin/ld: cannot find -lpthreads
collect2: error: ld returned 1 exit status
CMakeFiles/cmTC_c6402.dir/build.make:97: recipe for target 'cmTC_c6402' failed
make[2]: *** [cmTC_c6402] Error 1
make[2]: Leaving directory '/home/ubuntu/FogLAMP/cmake_build/CMakeFiles/CMakeTmp'
Makefile:126: recipe for target 'cmTC_c6402/fast' failed
make[1]: *** [cmTC_c6402/fast] Error 2
make[1]: Leaving directory '/home/ubuntu/FogLAMP/cmake_build/CMakeFiles/CMakeTmp'


